<?xml version="1.0" encoding="UTF-8"?>
<testng-results skipped="0" failed="0" ignored="0" total="3" passed="3">
  <reporter-output>
  </reporter-output>
  <suite name="Surefire suite" duration-ms="186119" started-at="2022-03-02T09:13:16Z" finished-at="2022-03-02T09:16:22Z">
    <groups>
      <group name="cucumber">
        <method signature="AbstractTestNGCucumberTests.runScenario(io.cucumber.testng.PickleWrapper, io.cucumber.testng.FeatureWrapper)[pri:0, instance:testRunners.TestNgTestRunner@13805618]" name="runScenario" class="io.cucumber.testng.AbstractTestNGCucumberTests"/>
      </group> <!-- cucumber -->
    </groups>
    <test name="Surefire test" duration-ms="186119" started-at="2022-03-02T09:13:16Z" finished-at="2022-03-02T09:16:22Z">
      <class name="testRunners.TestNgTestRunner">
        <test-method status="PASS" signature="setUpClass(org.testng.ITestContext)[pri:0, instance:testRunners.TestNgTestRunner@13805618]" name="setUpClass" is-config="true" duration-ms="2570" started-at="2022-03-02T09:13:16Z" finished-at="2022-03-02T09:13:19Z">
          <params>
            <param index="0">
              <value>
                <![CDATA[org.testng.TestRunner@26f5e45d]]>
              </value>
            </param>
          </params>
          <reporter-output>
          </reporter-output>
        </test-method> <!-- setUpClass -->
        <test-method status="PASS" signature="runScenario(io.cucumber.testng.PickleWrapper, io.cucumber.testng.FeatureWrapper)[pri:0, instance:testRunners.TestNgTestRunner@13805618]" name="runScenario" duration-ms="73942" started-at="2022-03-02T09:13:19Z" description="Runs Cucumber Scenarios" data-provider="scenarios" finished-at="2022-03-02T09:14:33Z">
          <params>
            <param index="0">
              <value>
                <![CDATA["Fill the Invalid personal information form"]]>
              </value>
            </param>
            <param index="1">
              <value>
                <![CDATA["Optional[Create new user account]"]]>
              </value>
            </param>
          </params>
          <reporter-output>
          </reporter-output>
        </test-method> <!-- runScenario -->
        <test-method status="PASS" signature="runScenario(io.cucumber.testng.PickleWrapper, io.cucumber.testng.FeatureWrapper)[pri:0, instance:testRunners.TestNgTestRunner@13805618]" name="runScenario" duration-ms="51344" started-at="2022-03-02T09:14:33Z" description="Runs Cucumber Scenarios" data-provider="scenarios" finished-at="2022-03-02T09:15:24Z">
          <params>
            <param index="0">
              <value>
                <![CDATA["Fill the Invalid personal information form"]]>
              </value>
            </param>
            <param index="1">
              <value>
                <![CDATA["Optional[Create new user account]"]]>
              </value>
            </param>
          </params>
          <reporter-output>
          </reporter-output>
        </test-method> <!-- runScenario -->
        <test-method status="PASS" signature="runScenario(io.cucumber.testng.PickleWrapper, io.cucumber.testng.FeatureWrapper)[pri:0, instance:testRunners.TestNgTestRunner@13805618]" name="runScenario" duration-ms="40803" started-at="2022-03-02T09:15:24Z" description="Runs Cucumber Scenarios" data-provider="scenarios" finished-at="2022-03-02T09:16:05Z">
          <params>
            <param index="0">
              <value>
                <![CDATA["Fill the valid personal information form"]]>
              </value>
            </param>
            <param index="1">
              <value>
                <![CDATA["Optional[Create new user account]"]]>
              </value>
            </param>
          </params>
          <reporter-output>
          </reporter-output>
        </test-method> <!-- runScenario -->
        <test-method status="PASS" signature="tearDownClass()[pri:0, instance:testRunners.TestNgTestRunner@13805618]" name="tearDownClass" is-config="true" duration-ms="17416" started-at="2022-03-02T09:16:05Z" finished-at="2022-03-02T09:16:22Z">
          <reporter-output>
          </reporter-output>
        </test-method> <!-- tearDownClass -->
      </class> <!-- testRunners.TestNgTestRunner -->
    </test> <!-- Surefire test -->
  </suite> <!-- Surefire suite -->
</testng-results>
