<?xml version="1.0" encoding="UTF-8"?>
<testsuite xmlns:xsi="http://www.w3.org/2001/XMLSchema-instance" xsi:noNamespaceSchemaLocation="https://maven.apache.org/surefire/maven-surefire-plugin/xsd/surefire-test-report-3.0.xsd" version="3.0" name="testRunners.TestNgTestRunner" time="246.35" tests="21" errors="0" skipped="1" failures="0">
  <properties>
[...]
</properties>
  <testcase name="runScenario" classname="testRunners.TestNgTestRunner" time="63.453"/>
  <testcase name="runScenario" classname="testRunners.TestNgTestRunner" time="2.756"/>
  <testcase name="runScenario" classname="testRunners.TestNgTestRunner" time="1.364"/>
  <testcase name="runScenario" classname="testRunners.TestNgTestRunner" time="26.524"/>
  <testcase name="runScenario" classname="testRunners.TestNgTestRunner" time="33.514"/>
  <testcase name="runScenario" classname="testRunners.TestNgTestRunner" time="5.31"/>
  <testcase name="runScenario" classname="testRunners.TestNgTestRunner" time="2.469"/>
  <testcase name="runScenario" classname="testRunners.TestNgTestRunner" time="0.428"/>
  <testcase name="runScenario" classname="testRunners.TestNgTestRunner" time="19.547"/>
  <testcase name="runScenario" classname="testRunners.TestNgTestRunner" time="10.933"/>
  <testcase name="runScenario" classname="testRunners.TestNgTestRunner" time="9.865"/>
  <testcase name="runScenario" classname="testRunners.TestNgTestRunner" time="0.235"/>
  <testcase name="runScenario" classname="testRunners.TestNgTestRunner" time="0.714"/>
  <testcase name="runScenario" classname="testRunners.TestNgTestRunner" time="12.43"/>
  <testcase name="runScenario" classname="testRunners.TestNgTestRunner" time="0.246"/>
  <testcase name="runScenario" classname="testRunners.TestNgTestRunner" time="1.433"/>
  <testcase name="runScenario" classname="testRunners.TestNgTestRunner" time="0">
    <skipped message="got: &lt;false&gt;, expected: is &lt;true&gt;"/>
    <system-out><![CDATA[
@sanity @skip
Scenario Outline: Login with correct credentials            # src/test/resources/features/login.feature:28
browser value is : edge
http://automationpractice.com/index.php?id_category=8&controller=category is a valid link and response code is :200
====================================
http://automationpractice.com/index.php?id_category=9&controller=category
http://automationpractice.com/index.php?id_category=9&controller=category is a valid link and response code is :200
====================================
http://automationpractice.com/index.php?id_category=10&controller=category
http://automationpractice.com/index.php?id_category=10&controller=category is a valid link and response code is :200
====================================
http://automationpractice.com/index.php?id_category=11&controller=category
  Given user is on login page                  # stepDefinitions.loginStepDefinition.user_is_on_login_page()
  When user is gets the title of the page      # stepDefinitions.loginStepDefinition.user_is_gets_the_title_of_the_page()
  Then page title should be "Login - My Store" # stepDefinitions.loginStepDefinition.page_title_should_be_something(java.lang.String)
http://automationpractice.com/index.php?id_category=11&controller=category is a valid link and response code is :200
====================================
http://automationpractice.com/index.php?controller=prices-drop
http://automationpractice.com/index.php?controller=prices-drop is a valid link and response code is :200
====================================
http://automationpractice.com/index.php?controller=new-products
http://automationpractice.com/index.php?controller=new-products is a valid link and response code is :200
====================================
http://automationpractice.com/index.php?controller=best-sales
]]></system-out>
    <system-err><![CDATA[Starting MSEdgeDriver 99.0.1150.39 (83e7eb830583bb2e45c92fa97398f3704f87af0d) on port 63564
Only local connections are allowed.
Please see https://chromedriver.chromium.org/security-considerations for suggestions on keeping MSEdgeDriver safe.
MSEdgeDriver was started successfully.
MSEdgeDriver was started successfully.
MSEdgeDriver was started successfully.
Mar 16, 2022 12:38:16 PM org.openqa.selenium.remote.ProtocolHandshake createSession
INFO: Detected dialect: W3C
Mar 16, 2022 12:38:16 PM org.openqa.selenium.devtools.CdpVersionFinder findNearestMatch
WARNING: Unable to find an exact match for CDP version 99, so returning the closest version found: 96
Mar 16, 2022 12:38:16 PM org.openqa.selenium.devtools.CdpVersionFinder findNearestMatch
INFO: Found CDP implementation for version 99 of 96
Mar 16, 2022 12:38:16 PM org.openqa.selenium.remote.ProtocolHandshake createSession
INFO: Detected dialect: W3C
Mar 16, 2022 12:38:16 PM org.openqa.selenium.devtools.CdpVersionFinder findNearestMatch
WARNING: Unable to find an exact match for CDP version 99, so returning the closest version found: 96
Mar 16, 2022 12:38:16 PM org.openqa.selenium.devtools.CdpVersionFinder findNearestMatch
INFO: Found CDP implementation for version 99 of 96
Mar 16, 2022 12:38:18 PM org.openqa.selenium.remote.ProtocolHandshake createSession
INFO: Detected dialect: W3C
Mar 16, 2022 12:38:19 PM org.openqa.selenium.devtools.CdpVersionFinder findNearestMatch
WARNING: Unable to find an exact match for CDP version 99, so returning the closest version found: 96
Mar 16, 2022 12:38:19 PM org.openqa.selenium.devtools.CdpVersionFinder findNearestMatch
INFO: Found CDP implementation for version 99 of 96
]]></system-err>
  </testcase>
  <testcase name="runScenario" classname="testRunners.TestNgTestRunner" time="6.422"/>
  <testcase name="runScenario" classname="testRunners.TestNgTestRunner" time="24.929"/>
  <testcase name="runScenario" classname="testRunners.TestNgTestRunner" time="29.608"/>
  <testcase name="runScenario" classname="testRunners.TestNgTestRunner" time="32.954"/>
</testsuite>