<?xml version="1.0" encoding="UTF-8"?>
<testng-results ignored="0" total="6" passed="6" failed="0" skipped="0">
  <reporter-output>
  </reporter-output>
  <suite started-at="2022-03-15T20:17:35 IST" name="Default suite" finished-at="2022-03-15T20:20:29 IST" duration-ms="173186">
    <groups>
      <group name="cucumber">
        <method signature="AbstractTestNGCucumberTests.runScenario(io.cucumber.testng.PickleWrapper,io.cucumber.testng.FeatureWrapper)[pri:0, instance:testRunners.TestNgTestRunner@74e28667]" name="runScenario" class="io.cucumber.testng.AbstractTestNGCucumberTests"/>
      </group> <!-- cucumber -->
    </groups>
    <test started-at="2022-03-15T20:17:35 IST" name="Default test" finished-at="2022-03-15T20:20:29 IST" duration-ms="173186">
      <class name="testRunners.TestNgTestRunner">
        <test-method is-config="true" signature="setUpClass(org.testng.ITestContext)[pri:0, instance:testRunners.TestNgTestRunner@74e28667]" started-at="2022-03-15T20:17:36 IST" name="setUpClass" finished-at="2022-03-15T20:17:37 IST" duration-ms="1453" status="PASS">
          <params>
            <param index="0">
              <value>
                <![CDATA[org.testng.TestRunner@516155b5]]>
              </value>
            </param>
          </params>
          <reporter-output>
          </reporter-output>
        </test-method> <!-- setUpClass -->
        <test-method signature="runScenario(io.cucumber.testng.PickleWrapper,io.cucumber.testng.FeatureWrapper)[pri:0, instance:testRunners.TestNgTestRunner@74e28667]" started-at="2022-03-15T20:17:37 IST" name="runScenario" description="Runs Cucumber Scenarios" data-provider="scenarios" finished-at="2022-03-15T20:17:52 IST" duration-ms="14961" status="PASS">
          <params>
            <param index="0">
              <value>
                <![CDATA["to check login page title"]]>
              </value>
            </param>
            <param index="1">
              <value>
                <![CDATA["Optional[Footer section]"]]>
              </value>
            </param>
          </params>
          <reporter-output>
          </reporter-output>
        </test-method> <!-- runScenario -->
        <test-method signature="runScenario(io.cucumber.testng.PickleWrapper,io.cucumber.testng.FeatureWrapper)[pri:0, instance:testRunners.TestNgTestRunner@74e28667]" started-at="2022-03-15T20:17:52 IST" name="runScenario" description="Runs Cucumber Scenarios" data-provider="scenarios" finished-at="2022-03-15T20:18:29 IST" duration-ms="36754" status="PASS">
          <params>
            <param index="0">
              <value>
                <![CDATA["to check footer information section"]]>
              </value>
            </param>
            <param index="1">
              <value>
                <![CDATA["Optional[Footer section]"]]>
              </value>
            </param>
          </params>
          <reporter-output>
          </reporter-output>
        </test-method> <!-- runScenario -->
        <test-method signature="runScenario(io.cucumber.testng.PickleWrapper,io.cucumber.testng.FeatureWrapper)[pri:0, instance:testRunners.TestNgTestRunner@74e28667]" started-at="2022-03-15T20:18:29 IST" name="runScenario" description="Runs Cucumber Scenarios" data-provider="scenarios" finished-at="2022-03-15T20:18:42 IST" duration-ms="13616" status="PASS">
          <params>
            <param index="0">
              <value>
                <![CDATA["to check footer my account section"]]>
              </value>
            </param>
            <param index="1">
              <value>
                <![CDATA["Optional[Footer section]"]]>
              </value>
            </param>
          </params>
          <reporter-output>
          </reporter-output>
        </test-method> <!-- runScenario -->
        <test-method signature="runScenario(io.cucumber.testng.PickleWrapper,io.cucumber.testng.FeatureWrapper)[pri:0, instance:testRunners.TestNgTestRunner@74e28667]" started-at="2022-03-15T20:18:42 IST" name="runScenario" description="Runs Cucumber Scenarios" data-provider="scenarios" finished-at="2022-03-15T20:19:04 IST" duration-ms="21771" status="PASS">
          <params>
            <param index="0">
              <value>
                <![CDATA["to check the store information"]]>
              </value>
            </param>
            <param index="1">
              <value>
                <![CDATA["Optional[Footer section]"]]>
              </value>
            </param>
          </params>
          <reporter-output>
          </reporter-output>
        </test-method> <!-- runScenario -->
        <test-method signature="runScenario(io.cucumber.testng.PickleWrapper,io.cucumber.testng.FeatureWrapper)[pri:0, instance:testRunners.TestNgTestRunner@74e28667]" started-at="2022-03-15T20:19:04 IST" name="runScenario" description="Runs Cucumber Scenarios" data-provider="scenarios" finished-at="2022-03-15T20:19:23 IST" duration-ms="18621" status="PASS">
          <params>
            <param index="0">
              <value>
                <![CDATA["verification of Follow us links"]]>
              </value>
            </param>
            <param index="1">
              <value>
                <![CDATA["Optional[Footer section]"]]>
              </value>
            </param>
          </params>
          <reporter-output>
          </reporter-output>
        </test-method> <!-- runScenario -->
        <test-method signature="runScenario(io.cucumber.testng.PickleWrapper,io.cucumber.testng.FeatureWrapper)[pri:0, instance:testRunners.TestNgTestRunner@74e28667]" started-at="2022-03-15T20:19:23 IST" name="runScenario" description="Runs Cucumber Scenarios" data-provider="scenarios" finished-at="2022-03-15T20:20:24 IST" duration-ms="61462" status="PASS">
          <params>
            <param index="0">
              <value>
                <![CDATA["verifiy the all footer links broken or not"]]>
              </value>
            </param>
            <param index="1">
              <value>
                <![CDATA["Optional[Footer section]"]]>
              </value>
            </param>
          </params>
          <reporter-output>
          </reporter-output>
        </test-method> <!-- runScenario -->
        <test-method is-config="true" signature="tearDownClass()[pri:0, instance:testRunners.TestNgTestRunner@74e28667]" started-at="2022-03-15T20:20:24 IST" name="tearDownClass" finished-at="2022-03-15T20:20:29 IST" duration-ms="4498" status="PASS">
          <reporter-output>
          </reporter-output>
        </test-method> <!-- tearDownClass -->
      </class> <!-- testRunners.TestNgTestRunner -->
    </test> <!-- Default test -->
  </suite> <!-- Default suite -->
</testng-results>
