<?xml version="1.0" encoding="UTF-8"?>
<testng-results ignored="0" total="21" passed="17" failed="3" skipped="1">
  <reporter-output>
  </reporter-output>
  <suite started-at="2022-03-15T18:30:18 IST" name="Default suite" finished-at="2022-03-15T18:52:02 IST" duration-ms="1303659">
    <groups>
      <group name="cucumber">
        <method signature="AbstractTestNGCucumberTests.runScenario(io.cucumber.testng.PickleWrapper,io.cucumber.testng.FeatureWrapper)[pri:0, instance:testRunners.TestNgTestRunner@74e28667]" name="runScenario" class="io.cucumber.testng.AbstractTestNGCucumberTests"/>
      </group> <!-- cucumber -->
    </groups>
    <test started-at="2022-03-15T18:30:18 IST" name="Default test" finished-at="2022-03-15T18:52:02 IST" duration-ms="1303659">
      <class name="testRunners.TestNgTestRunner">
        <test-method is-config="true" signature="setUpClass(org.testng.ITestContext)[pri:0, instance:testRunners.TestNgTestRunner@74e28667]" started-at="2022-03-15T18:30:18 IST" name="setUpClass" finished-at="2022-03-15T18:30:19 IST" duration-ms="840" status="PASS">
          <params>
            <param index="0">
              <value>
                <![CDATA[org.testng.TestRunner@943184c]]>
              </value>
            </param>
          </params>
          <reporter-output>
          </reporter-output>
        </test-method> <!-- setUpClass -->
        <test-method signature="runScenario(io.cucumber.testng.PickleWrapper,io.cucumber.testng.FeatureWrapper)[pri:0, instance:testRunners.TestNgTestRunner@74e28667]" started-at="2022-03-15T18:30:19 IST" name="runScenario" description="Runs Cucumber Scenarios" data-provider="scenarios" finished-at="2022-03-15T18:36:23 IST" duration-ms="363911" status="FAIL">
          <params>
            <param index="0">
              <value>
                <![CDATA["Accounts page title"]]>
              </value>
            </param>
            <param index="1">
              <value>
                <![CDATA["Optional[Account page feature]"]]>
              </value>
            </param>
          </params>
          <exception class="org.openqa.selenium.TimeoutException">
            <message>
              <![CDATA[java.util.concurrent.TimeoutException
Build info: version: '4.1.1', revision: 'e8fcc2cecf'
System info: host: 'LAP-HYD-0X81095', ip: '192.168.1.10', os.name: 'Windows 10', os.arch: 'amd64', os.version: '10.0', java.version: '15.0.1'
Driver info: org.openqa.selenium.chrome.ChromeDriver
Command: [bd8b426a700e58e801d0cb1493e6a90f, get {url=http://automationpractice.com/index.php?controller=authentication&back=my-account}]
Capabilities {acceptInsecureCerts: false, browserName: chrome, browserVersion: 98.0.4758.102, chrome: {chromedriverVersion: 98.0.4758.102 (273bf7ac8c90..., userDataDir: C:\Users\BALACH~1.4\AppData...}, goog:chromeOptions: {debuggerAddress: localhost:53104}, javascriptEnabled: true, networkConnectionEnabled: false, pageLoadStrategy: normal, platform: WINDOWS, platformName: WINDOWS, proxy: Proxy(), se:cdp: ws://localhost:53104/devtoo..., se:cdpVersion: 98.0.4758.102, setWindowRect: true, strictFileInteractability: false, timeouts: {implicit: 0, pageLoad: 300000, script: 30000}, unhandledPromptBehavior: dismiss and notify, webauthn:extension:credBlob: true, webauthn:extension:largeBlob: true, webauthn:virtualAuthenticators: true}
Session ID: bd8b426a700e58e801d0cb1493e6a90f]]>
            </message>
            <full-stacktrace>
              <![CDATA[org.openqa.selenium.TimeoutException: java.util.concurrent.TimeoutException
Build info: version: '4.1.1', revision: 'e8fcc2cecf'
System info: host: 'LAP-HYD-0X81095', ip: '192.168.1.10', os.name: 'Windows 10', os.arch: 'amd64', os.version: '10.0', java.version: '15.0.1'
Driver info: org.openqa.selenium.chrome.ChromeDriver
Command: [bd8b426a700e58e801d0cb1493e6a90f, get {url=http://automationpractice.com/index.php?controller=authentication&back=my-account}]
Capabilities {acceptInsecureCerts: false, browserName: chrome, browserVersion: 98.0.4758.102, chrome: {chromedriverVersion: 98.0.4758.102 (273bf7ac8c90..., userDataDir: C:\Users\BALACH~1.4\AppData...}, goog:chromeOptions: {debuggerAddress: localhost:53104}, javascriptEnabled: true, networkConnectionEnabled: false, pageLoadStrategy: normal, platform: WINDOWS, platformName: WINDOWS, proxy: Proxy(), se:cdp: ws://localhost:53104/devtoo..., se:cdpVersion: 98.0.4758.102, setWindowRect: true, strictFileInteractability: false, timeouts: {implicit: 0, pageLoad: 300000, script: 30000}, unhandledPromptBehavior: dismiss and notify, webauthn:extension:credBlob: true, webauthn:extension:largeBlob: true, webauthn:virtualAuthenticators: true}
Session ID: bd8b426a700e58e801d0cb1493e6a90f
at org.openqa.selenium.remote.http.netty.NettyHttpHandler.makeCall(NettyHttpHandler.java:72)
at org.openqa.selenium.remote.http.RetryRequest.lambda$apply$6(RetryRequest.java:83)
at net.jodah.failsafe.Functions.lambda$get$0(Functions.java:48)
at net.jodah.failsafe.RetryPolicyExecutor.lambda$supply$0(RetryPolicyExecutor.java:66)
at net.jodah.failsafe.RetryPolicyExecutor.lambda$supply$0(RetryPolicyExecutor.java:66)
at net.jodah.failsafe.RetryPolicyExecutor.lambda$supply$0(RetryPolicyExecutor.java:66)
at net.jodah.failsafe.Execution.executeSync(Execution.java:128)
at net.jodah.failsafe.FailsafeExecutor.call(FailsafeExecutor.java:379)
at net.jodah.failsafe.FailsafeExecutor.get(FailsafeExecutor.java:68)
at org.openqa.selenium.remote.http.RetryRequest.lambda$apply$7(RetryRequest.java:83)
at org.openqa.selenium.remote.http.AddSeleniumUserAgent.lambda$apply$0(AddSeleniumUserAgent.java:42)
at org.openqa.selenium.remote.http.Filter.lambda$andFinally$1(Filter.java:56)
at org.openqa.selenium.remote.http.netty.NettyHttpHandler.execute(NettyHttpHandler.java:51)
at org.openqa.selenium.remote.http.RetryRequest.lambda$apply$6(RetryRequest.java:83)
at net.jodah.failsafe.Functions.lambda$get$0(Functions.java:48)
at net.jodah.failsafe.RetryPolicyExecutor.lambda$supply$0(RetryPolicyExecutor.java:66)
at net.jodah.failsafe.RetryPolicyExecutor.lambda$supply$0(RetryPolicyExecutor.java:66)
at net.jodah.failsafe.RetryPolicyExecutor.lambda$supply$0(RetryPolicyExecutor.java:66)
at net.jodah.failsafe.Execution.executeSync(Execution.java:128)
at net.jodah.failsafe.FailsafeExecutor.call(FailsafeExecutor.java:379)
at net.jodah.failsafe.FailsafeExecutor.get(FailsafeExecutor.java:68)
at org.openqa.selenium.remote.http.RetryRequest.lambda$apply$7(RetryRequest.java:83)
at org.openqa.selenium.remote.http.AddSeleniumUserAgent.lambda$apply$0(AddSeleniumUserAgent.java:42)
at org.openqa.selenium.remote.http.Filter.lambda$andFinally$1(Filter.java:56)
at org.openqa.selenium.remote.http.netty.NettyClient.execute(NettyClient.java:110)
at org.openqa.selenium.remote.HttpCommandExecutor.execute(HttpCommandExecutor.java:181)
at org.openqa.selenium.remote.service.DriverCommandExecutor.invokeExecute(DriverCommandExecutor.java:167)
at org.openqa.selenium.remote.service.DriverCommandExecutor.execute(DriverCommandExecutor.java:142)
at org.openqa.selenium.remote.RemoteWebDriver.execute(RemoteWebDriver.java:543)
at org.openqa.selenium.remote.RemoteWebDriver.get(RemoteWebDriver.java:312)
at stepDefinitions.AccountsPagstepDefinition.user_already_logged_into_application(AccountsPagstepDefinition.java:39)
at ✽.user already logged into application(file:///C:/Users/balachandra.4/eclipse-workspace/CucumberAutomation/src/test/resources/features/AccountsPage.feature:4)
Caused by: java.util.concurrent.TimeoutException
at java.base/java.util.concurrent.CompletableFuture.timedGet(CompletableFuture.java:1950)
at java.base/java.util.concurrent.CompletableFuture.get(CompletableFuture.java:2085)
at org.asynchttpclient.netty.NettyResponseFuture.get(NettyResponseFuture.java:206)
at org.openqa.selenium.remote.http.netty.NettyHttpHandler.makeCall(NettyHttpHandler.java:66)
at org.openqa.selenium.remote.http.RetryRequest.lambda$apply$6(RetryRequest.java:83)
at net.jodah.failsafe.Functions.lambda$get$0(Functions.java:48)
at net.jodah.failsafe.RetryPolicyExecutor.lambda$supply$0(RetryPolicyExecutor.java:66)
at net.jodah.failsafe.RetryPolicyExecutor.lambda$supply$0(RetryPolicyExecutor.java:66)
at net.jodah.failsafe.RetryPolicyExecutor.lambda$supply$0(RetryPolicyExecutor.java:66)
at net.jodah.failsafe.Execution.executeSync(Execution.java:128)
at net.jodah.failsafe.FailsafeExecutor.call(FailsafeExecutor.java:379)
at net.jodah.failsafe.FailsafeExecutor.get(FailsafeExecutor.java:68)
at org.openqa.selenium.remote.http.RetryRequest.lambda$apply$7(RetryRequest.java:83)
at org.openqa.selenium.remote.http.AddSeleniumUserAgent.lambda$apply$0(AddSeleniumUserAgent.java:42)
at org.openqa.selenium.remote.http.Filter.lambda$andFinally$1(Filter.java:56)
at org.openqa.selenium.remote.http.netty.NettyHttpHandler.execute(NettyHttpHandler.java:51)
at org.openqa.selenium.remote.http.RetryRequest.lambda$apply$6(RetryRequest.java:83)
at net.jodah.failsafe.Functions.lambda$get$0(Functions.java:48)
at net.jodah.failsafe.RetryPolicyExecutor.lambda$supply$0(RetryPolicyExecutor.java:66)
at net.jodah.failsafe.RetryPolicyExecutor.lambda$supply$0(RetryPolicyExecutor.java:66)
at net.jodah.failsafe.RetryPolicyExecutor.lambda$supply$0(RetryPolicyExecutor.java:66)
at net.jodah.failsafe.Execution.executeSync(Execution.java:128)
at net.jodah.failsafe.FailsafeExecutor.call(FailsafeExecutor.java:379)
at net.jodah.failsafe.FailsafeExecutor.get(FailsafeExecutor.java:68)
at org.openqa.selenium.remote.http.RetryRequest.lambda$apply$7(RetryRequest.java:83)
at org.openqa.selenium.remote.http.AddSeleniumUserAgent.lambda$apply$0(AddSeleniumUserAgent.java:42)
at org.openqa.selenium.remote.http.Filter.lambda$andFinally$1(Filter.java:56)
at org.openqa.selenium.remote.http.netty.NettyClient.execute(NettyClient.java:110)
at org.openqa.selenium.remote.HttpCommandExecutor.execute(HttpCommandExecutor.java:181)
at org.openqa.selenium.remote.service.DriverCommandExecutor.invokeExecute(DriverCommandExecutor.java:167)
at org.openqa.selenium.remote.service.DriverCommandExecutor.execute(DriverCommandExecutor.java:142)
at org.openqa.selenium.remote.RemoteWebDriver.execute(RemoteWebDriver.java:543)
at org.openqa.selenium.remote.RemoteWebDriver.get(RemoteWebDriver.java:312)
at stepDefinitions.AccountsPagstepDefinition.user_already_logged_into_application(AccountsPagstepDefinition.java:39)
at java.base/jdk.internal.reflect.NativeMethodAccessorImpl.invoke0(Native Method)
at java.base/jdk.internal.reflect.NativeMethodAccessorImpl.invoke(NativeMethodAccessorImpl.java:64)
at java.base/jdk.internal.reflect.DelegatingMethodAccessorImpl.invoke(DelegatingMethodAccessorImpl.java:43)
at java.base/java.lang.reflect.Method.invoke(Method.java:564)
at io.cucumber.java.Invoker.doInvoke(Invoker.java:66)
at io.cucumber.java.Invoker.invoke(Invoker.java:24)
at io.cucumber.java.AbstractGlueDefinition.invokeMethod(AbstractGlueDefinition.java:47)
at io.cucumber.java.JavaStepDefinition.execute(JavaStepDefinition.java:29)
at io.cucumber.core.runner.CoreStepDefinition.execute(CoreStepDefinition.java:66)
at io.cucumber.core.runner.PickleStepDefinitionMatch.runStep(PickleStepDefinitionMatch.java:63)
at io.cucumber.core.runner.ExecutionMode$1.execute(ExecutionMode.java:10)
at io.cucumber.core.runner.TestStep.executeStep(TestStep.java:86)
at io.cucumber.core.runner.TestStep.run(TestStep.java:57)
at io.cucumber.core.runner.PickleStepTestStep.run(PickleStepTestStep.java:51)
at io.cucumber.core.runner.TestCase.run(TestCase.java:95)
at io.cucumber.core.runner.Runner.runPickle(Runner.java:75)
at io.cucumber.testng.TestNGCucumberRunner.lambda$runScenario$1(TestNGCucumberRunner.java:132)
at io.cucumber.core.runtime.CucumberExecutionContext.lambda$runTestCase$3(CucumberExecutionContext.java:151)
at io.cucumber.core.runtime.RethrowingThrowableCollector.executeAndThrow(RethrowingThrowableCollector.java:23)
at io.cucumber.core.runtime.CucumberExecutionContext.runTestCase(CucumberExecutionContext.java:151)
at io.cucumber.testng.TestNGCucumberRunner.runScenario(TestNGCucumberRunner.java:129)
at io.cucumber.testng.AbstractTestNGCucumberTests.runScenario(AbstractTestNGCucumberTests.java:35)
at java.base/jdk.internal.reflect.NativeMethodAccessorImpl.invoke0(Native Method)
at java.base/jdk.internal.reflect.NativeMethodAccessorImpl.invoke(NativeMethodAccessorImpl.java:64)
at java.base/jdk.internal.reflect.DelegatingMethodAccessorImpl.invoke(DelegatingMethodAccessorImpl.java:43)
at java.base/java.lang.reflect.Method.invoke(Method.java:564)
at org.testng.internal.MethodInvocationHelper.invokeMethod(MethodInvocationHelper.java:133)
at org.testng.internal.TestInvoker.invokeMethod(TestInvoker.java:598)
at org.testng.internal.TestInvoker.invokeTestMethod(TestInvoker.java:173)
at org.testng.internal.MethodRunner.runInSequence(MethodRunner.java:46)
at org.testng.internal.TestInvoker$MethodInvocationAgent.invoke(TestInvoker.java:824)
at org.testng.internal.TestInvoker.invokeTestMethods(TestInvoker.java:146)
at org.testng.internal.TestMethodWorker.invokeTestMethods(TestMethodWorker.java:146)
at org.testng.internal.TestMethodWorker.run(TestMethodWorker.java:128)
at java.base/java.util.ArrayList.forEach(ArrayList.java:1511)
at org.testng.TestRunner.privateRun(TestRunner.java:794)
at org.testng.TestRunner.run(TestRunner.java:596)
at org.testng.SuiteRunner.runTest(SuiteRunner.java:377)
at org.testng.SuiteRunner.runSequentially(SuiteRunner.java:371)
at org.testng.SuiteRunner.privateRun(SuiteRunner.java:332)
at org.testng.SuiteRunner.run(SuiteRunner.java:276)
at org.testng.SuiteRunnerWorker.runSuite(SuiteRunnerWorker.java:53)
at org.testng.SuiteRunnerWorker.run(SuiteRunnerWorker.java:96)
at org.testng.TestNG.runSuitesSequentially(TestNG.java:1212)
at org.testng.TestNG.runSuitesLocally(TestNG.java:1134)
at org.testng.TestNG.runSuites(TestNG.java:1063)
at org.testng.TestNG.run(TestNG.java:1031)
at org.testng.remote.AbstractRemoteTestNG.run(AbstractRemoteTestNG.java:115)
at org.testng.remote.RemoteTestNG.initAndRun(RemoteTestNG.java:251)
at org.testng.remote.RemoteTestNG.main(RemoteTestNG.java:77)
]]>
            </full-stacktrace>
          </exception> <!-- org.openqa.selenium.TimeoutException -->
          <reporter-output>
          </reporter-output>
        </test-method> <!-- runScenario -->
        <test-method signature="runScenario(io.cucumber.testng.PickleWrapper,io.cucumber.testng.FeatureWrapper)[pri:0, instance:testRunners.TestNgTestRunner@74e28667]" started-at="2022-03-15T18:36:23 IST" name="runScenario" description="Runs Cucumber Scenarios" data-provider="scenarios" finished-at="2022-03-15T18:38:25 IST" duration-ms="122087" status="FAIL">
          <params>
            <param index="0">
              <value>
                <![CDATA["Account section count"]]>
              </value>
            </param>
            <param index="1">
              <value>
                <![CDATA["Optional[Account page feature]"]]>
              </value>
            </param>
          </params>
          <exception class="org.openqa.selenium.NoSuchWindowException">
            <message>
              <![CDATA[no such window: target window already closed
from unknown error: web view not found
  (Session info: chrome=98.0.4758.102)
Build info: version: '4.1.1', revision: 'e8fcc2cecf'
System info: host: 'LAP-HYD-0X81095', ip: '192.168.1.10', os.name: 'Windows 10', os.arch: 'amd64', os.version: '10.0', java.version: '15.0.1'
Driver info: org.openqa.selenium.chrome.ChromeDriver
Command: [fb8c95e2290ee55c45b08da37f383655, findElement {using=id, value=email}]
Capabilities {acceptInsecureCerts: false, browserName: chrome, browserVersion: 98.0.4758.102, chrome: {chromedriverVersion: 98.0.4758.102 (273bf7ac8c90..., userDataDir: C:\Users\BALACH~1.4\AppData...}, goog:chromeOptions: {debuggerAddress: localhost:53258}, javascriptEnabled: true, networkConnectionEnabled: false, pageLoadStrategy: normal, platform: WINDOWS, platformName: WINDOWS, proxy: Proxy(), se:cdp: ws://localhost:53258/devtoo..., se:cdpVersion: 98.0.4758.102, setWindowRect: true, strictFileInteractability: false, timeouts: {implicit: 0, pageLoad: 300000, script: 30000}, unhandledPromptBehavior: dismiss and notify, webauthn:extension:credBlob: true, webauthn:extension:largeBlob: true, webauthn:virtualAuthenticators: true}
Session ID: fb8c95e2290ee55c45b08da37f383655]]>
            </message>
            <full-stacktrace>
              <![CDATA[org.openqa.selenium.NoSuchWindowException: no such window: target window already closed
from unknown error: web view not found
  (Session info: chrome=98.0.4758.102)
Build info: version: '4.1.1', revision: 'e8fcc2cecf'
System info: host: 'LAP-HYD-0X81095', ip: '192.168.1.10', os.name: 'Windows 10', os.arch: 'amd64', os.version: '10.0', java.version: '15.0.1'
Driver info: org.openqa.selenium.chrome.ChromeDriver
Command: [fb8c95e2290ee55c45b08da37f383655, findElement {using=id, value=email}]
Capabilities {acceptInsecureCerts: false, browserName: chrome, browserVersion: 98.0.4758.102, chrome: {chromedriverVersion: 98.0.4758.102 (273bf7ac8c90..., userDataDir: C:\Users\BALACH~1.4\AppData...}, goog:chromeOptions: {debuggerAddress: localhost:53258}, javascriptEnabled: true, networkConnectionEnabled: false, pageLoadStrategy: normal, platform: WINDOWS, platformName: WINDOWS, proxy: Proxy(), se:cdp: ws://localhost:53258/devtoo..., se:cdpVersion: 98.0.4758.102, setWindowRect: true, strictFileInteractability: false, timeouts: {implicit: 0, pageLoad: 300000, script: 30000}, unhandledPromptBehavior: dismiss and notify, webauthn:extension:credBlob: true, webauthn:extension:largeBlob: true, webauthn:virtualAuthenticators: true}
Session ID: fb8c95e2290ee55c45b08da37f383655
at java.base/jdk.internal.reflect.NativeConstructorAccessorImpl.newInstance0(Native Method)
at java.base/jdk.internal.reflect.NativeConstructorAccessorImpl.newInstance(NativeConstructorAccessorImpl.java:64)
at java.base/jdk.internal.reflect.DelegatingConstructorAccessorImpl.newInstance(DelegatingConstructorAccessorImpl.java:45)
at java.base/java.lang.reflect.Constructor.newInstanceWithCaller(Constructor.java:500)
at java.base/java.lang.reflect.Constructor.newInstance(Constructor.java:481)
at org.openqa.selenium.remote.codec.w3c.W3CHttpResponseCodec.createException(W3CHttpResponseCodec.java:200)
at org.openqa.selenium.remote.codec.w3c.W3CHttpResponseCodec.decode(W3CHttpResponseCodec.java:133)
at org.openqa.selenium.remote.codec.w3c.W3CHttpResponseCodec.decode(W3CHttpResponseCodec.java:53)
at org.openqa.selenium.remote.HttpCommandExecutor.execute(HttpCommandExecutor.java:184)
at org.openqa.selenium.remote.service.DriverCommandExecutor.invokeExecute(DriverCommandExecutor.java:167)
at org.openqa.selenium.remote.service.DriverCommandExecutor.execute(DriverCommandExecutor.java:142)
at org.openqa.selenium.remote.RemoteWebDriver.execute(RemoteWebDriver.java:543)
at org.openqa.selenium.remote.ElementLocation$ElementFinder$2.findElement(ElementLocation.java:162)
at org.openqa.selenium.remote.ElementLocation.findElement(ElementLocation.java:66)
at org.openqa.selenium.remote.RemoteWebDriver.findElement(RemoteWebDriver.java:367)
at org.openqa.selenium.remote.RemoteWebDriver.findElement(RemoteWebDriver.java:359)
at org.openqa.selenium.support.pagefactory.DefaultElementLocator.findElement(DefaultElementLocator.java:70)
at org.openqa.selenium.support.pagefactory.internal.LocatingElementHandler.invoke(LocatingElementHandler.java:39)
at com.sun.proxy.$Proxy31.sendKeys(Unknown Source)
at com.pageObjects.LoginPage.doLogin(LoginPage.java:96)
at stepDefinitions.AccountsPagstepDefinition.user_already_logged_into_application(AccountsPagstepDefinition.java:41)
at ✽.user already logged into application(file:///C:/Users/balachandra.4/eclipse-workspace/CucumberAutomation/src/test/resources/features/AccountsPage.feature:4)
]]>
            </full-stacktrace>
          </exception> <!-- org.openqa.selenium.NoSuchWindowException -->
          <reporter-output>
          </reporter-output>
        </test-method> <!-- runScenario -->
        <test-method signature="runScenario(io.cucumber.testng.PickleWrapper,io.cucumber.testng.FeatureWrapper)[pri:0, instance:testRunners.TestNgTestRunner@74e28667]" started-at="2022-03-15T18:38:25 IST" name="runScenario" description="Runs Cucumber Scenarios" data-provider="scenarios" finished-at="2022-03-15T18:39:00 IST" duration-ms="35250" status="PASS">
          <params>
            <param index="0">
              <value>
                <![CDATA["contact scenario with different sets of data"]]>
              </value>
            </param>
            <param index="1">
              <value>
                <![CDATA["Optional[contact Us feature]"]]>
              </value>
            </param>
          </params>
          <reporter-output>
          </reporter-output>
        </test-method> <!-- runScenario -->
        <test-method signature="runScenario(io.cucumber.testng.PickleWrapper,io.cucumber.testng.FeatureWrapper)[pri:0, instance:testRunners.TestNgTestRunner@74e28667]" started-at="2022-03-15T18:39:00 IST" name="runScenario" description="Runs Cucumber Scenarios" data-provider="scenarios" finished-at="2022-03-15T18:39:53 IST" duration-ms="52823" status="PASS">
          <params>
            <param index="0">
              <value>
                <![CDATA["contact scenario with different sets of data"]]>
              </value>
            </param>
            <param index="1">
              <value>
                <![CDATA["Optional[contact Us feature]"]]>
              </value>
            </param>
          </params>
          <reporter-output>
          </reporter-output>
        </test-method> <!-- runScenario -->
        <test-method signature="runScenario(io.cucumber.testng.PickleWrapper,io.cucumber.testng.FeatureWrapper)[pri:0, instance:testRunners.TestNgTestRunner@74e28667]" started-at="2022-03-15T18:39:53 IST" name="runScenario" description="Runs Cucumber Scenarios" data-provider="scenarios" finished-at="2022-03-15T18:40:42 IST" duration-ms="48509" status="PASS">
          <params>
            <param index="0">
              <value>
                <![CDATA["Fill the Invalid personal information form"]]>
              </value>
            </param>
            <param index="1">
              <value>
                <![CDATA["Optional[Create new user account]"]]>
              </value>
            </param>
          </params>
          <reporter-output>
          </reporter-output>
        </test-method> <!-- runScenario -->
        <test-method signature="runScenario(io.cucumber.testng.PickleWrapper,io.cucumber.testng.FeatureWrapper)[pri:0, instance:testRunners.TestNgTestRunner@74e28667]" started-at="2022-03-15T18:40:42 IST" name="runScenario" description="Runs Cucumber Scenarios" data-provider="scenarios" finished-at="2022-03-15T18:41:38 IST" duration-ms="56668" status="PASS">
          <params>
            <param index="0">
              <value>
                <![CDATA["Fill the Invalid personal information form"]]>
              </value>
            </param>
            <param index="1">
              <value>
                <![CDATA["Optional[Create new user account]"]]>
              </value>
            </param>
          </params>
          <reporter-output>
          </reporter-output>
        </test-method> <!-- runScenario -->
        <test-method signature="runScenario(io.cucumber.testng.PickleWrapper,io.cucumber.testng.FeatureWrapper)[pri:0, instance:testRunners.TestNgTestRunner@74e28667]" started-at="2022-03-15T18:41:38 IST" name="runScenario" description="Runs Cucumber Scenarios" data-provider="scenarios" finished-at="2022-03-15T18:42:32 IST" duration-ms="53234" status="PASS">
          <params>
            <param index="0">
              <value>
                <![CDATA["Fill the valid personal information form"]]>
              </value>
            </param>
            <param index="1">
              <value>
                <![CDATA["Optional[Create new user account]"]]>
              </value>
            </param>
          </params>
          <reporter-output>
          </reporter-output>
        </test-method> <!-- runScenario -->
        <test-method signature="runScenario(io.cucumber.testng.PickleWrapper,io.cucumber.testng.FeatureWrapper)[pri:0, instance:testRunners.TestNgTestRunner@74e28667]" started-at="2022-03-15T18:42:32 IST" name="runScenario" description="Runs Cucumber Scenarios" data-provider="scenarios" finished-at="2022-03-15T18:42:54 IST" duration-ms="22394" status="PASS">
          <params>
            <param index="0">
              <value>
                <![CDATA["to check login page title"]]>
              </value>
            </param>
            <param index="1">
              <value>
                <![CDATA["Optional[Footer section]"]]>
              </value>
            </param>
          </params>
          <reporter-output>
          </reporter-output>
        </test-method> <!-- runScenario -->
        <test-method signature="runScenario(io.cucumber.testng.PickleWrapper,io.cucumber.testng.FeatureWrapper)[pri:0, instance:testRunners.TestNgTestRunner@74e28667]" started-at="2022-03-15T18:42:54 IST" name="runScenario" description="Runs Cucumber Scenarios" data-provider="scenarios" finished-at="2022-03-15T18:43:09 IST" duration-ms="14682" status="PASS">
          <params>
            <param index="0">
              <value>
                <![CDATA["to check footer information section"]]>
              </value>
            </param>
            <param index="1">
              <value>
                <![CDATA["Optional[Footer section]"]]>
              </value>
            </param>
          </params>
          <reporter-output>
          </reporter-output>
        </test-method> <!-- runScenario -->
        <test-method signature="runScenario(io.cucumber.testng.PickleWrapper,io.cucumber.testng.FeatureWrapper)[pri:0, instance:testRunners.TestNgTestRunner@74e28667]" started-at="2022-03-15T18:43:09 IST" name="runScenario" description="Runs Cucumber Scenarios" data-provider="scenarios" finished-at="2022-03-15T18:43:24 IST" duration-ms="15627" status="PASS">
          <params>
            <param index="0">
              <value>
                <![CDATA["to check footer my account section"]]>
              </value>
            </param>
            <param index="1">
              <value>
                <![CDATA["Optional[Footer section]"]]>
              </value>
            </param>
          </params>
          <reporter-output>
          </reporter-output>
        </test-method> <!-- runScenario -->
        <test-method signature="runScenario(io.cucumber.testng.PickleWrapper,io.cucumber.testng.FeatureWrapper)[pri:0, instance:testRunners.TestNgTestRunner@74e28667]" started-at="2022-03-15T18:43:24 IST" name="runScenario" description="Runs Cucumber Scenarios" data-provider="scenarios" finished-at="2022-03-15T18:43:45 IST" duration-ms="20312" status="PASS">
          <params>
            <param index="0">
              <value>
                <![CDATA["to check the store information"]]>
              </value>
            </param>
            <param index="1">
              <value>
                <![CDATA["Optional[Footer section]"]]>
              </value>
            </param>
          </params>
          <reporter-output>
          </reporter-output>
        </test-method> <!-- runScenario -->
        <test-method signature="runScenario(io.cucumber.testng.PickleWrapper,io.cucumber.testng.FeatureWrapper)[pri:0, instance:testRunners.TestNgTestRunner@74e28667]" started-at="2022-03-15T18:43:45 IST" name="runScenario" description="Runs Cucumber Scenarios" data-provider="scenarios" finished-at="2022-03-15T18:49:47 IST" duration-ms="362685" status="FAIL">
          <params>
            <param index="0">
              <value>
                <![CDATA["verification of Follow us links"]]>
              </value>
            </param>
            <param index="1">
              <value>
                <![CDATA["Optional[Footer section]"]]>
              </value>
            </param>
          </params>
          <exception class="org.openqa.selenium.TimeoutException">
            <message>
              <![CDATA[java.util.concurrent.TimeoutException
Build info: version: '4.1.1', revision: 'e8fcc2cecf'
System info: host: 'LAP-HYD-0X81095', ip: '192.168.1.10', os.name: 'Windows 10', os.arch: 'amd64', os.version: '10.0', java.version: '15.0.1'
Driver info: org.openqa.selenium.chrome.ChromeDriver
Command: [4d2bcd03f7339830990b0e817429bf08, get {url=http://automationpractice.com/index.php?controller=authentication&back=my-account}]
Capabilities {acceptInsecureCerts: false, browserName: chrome, browserVersion: 98.0.4758.102, chrome: {chromedriverVersion: 98.0.4758.102 (273bf7ac8c90..., userDataDir: C:\Users\BALACH~1.4\AppData...}, goog:chromeOptions: {debuggerAddress: localhost:53936}, javascriptEnabled: true, networkConnectionEnabled: false, pageLoadStrategy: normal, platform: WINDOWS, platformName: WINDOWS, proxy: Proxy(), se:cdp: ws://localhost:53936/devtoo..., se:cdpVersion: 98.0.4758.102, setWindowRect: true, strictFileInteractability: false, timeouts: {implicit: 0, pageLoad: 300000, script: 30000}, unhandledPromptBehavior: dismiss and notify, webauthn:extension:credBlob: true, webauthn:extension:largeBlob: true, webauthn:virtualAuthenticators: true}
Session ID: 4d2bcd03f7339830990b0e817429bf08]]>
            </message>
            <full-stacktrace>
              <![CDATA[org.openqa.selenium.TimeoutException: java.util.concurrent.TimeoutException
Build info: version: '4.1.1', revision: 'e8fcc2cecf'
System info: host: 'LAP-HYD-0X81095', ip: '192.168.1.10', os.name: 'Windows 10', os.arch: 'amd64', os.version: '10.0', java.version: '15.0.1'
Driver info: org.openqa.selenium.chrome.ChromeDriver
Command: [4d2bcd03f7339830990b0e817429bf08, get {url=http://automationpractice.com/index.php?controller=authentication&back=my-account}]
Capabilities {acceptInsecureCerts: false, browserName: chrome, browserVersion: 98.0.4758.102, chrome: {chromedriverVersion: 98.0.4758.102 (273bf7ac8c90..., userDataDir: C:\Users\BALACH~1.4\AppData...}, goog:chromeOptions: {debuggerAddress: localhost:53936}, javascriptEnabled: true, networkConnectionEnabled: false, pageLoadStrategy: normal, platform: WINDOWS, platformName: WINDOWS, proxy: Proxy(), se:cdp: ws://localhost:53936/devtoo..., se:cdpVersion: 98.0.4758.102, setWindowRect: true, strictFileInteractability: false, timeouts: {implicit: 0, pageLoad: 300000, script: 30000}, unhandledPromptBehavior: dismiss and notify, webauthn:extension:credBlob: true, webauthn:extension:largeBlob: true, webauthn:virtualAuthenticators: true}
Session ID: 4d2bcd03f7339830990b0e817429bf08
at org.openqa.selenium.remote.http.netty.NettyHttpHandler.makeCall(NettyHttpHandler.java:72)
at org.openqa.selenium.remote.http.RetryRequest.lambda$apply$6(RetryRequest.java:83)
at net.jodah.failsafe.Functions.lambda$get$0(Functions.java:48)
at net.jodah.failsafe.RetryPolicyExecutor.lambda$supply$0(RetryPolicyExecutor.java:66)
at net.jodah.failsafe.RetryPolicyExecutor.lambda$supply$0(RetryPolicyExecutor.java:66)
at net.jodah.failsafe.RetryPolicyExecutor.lambda$supply$0(RetryPolicyExecutor.java:66)
at net.jodah.failsafe.Execution.executeSync(Execution.java:128)
at net.jodah.failsafe.FailsafeExecutor.call(FailsafeExecutor.java:379)
at net.jodah.failsafe.FailsafeExecutor.get(FailsafeExecutor.java:68)
at org.openqa.selenium.remote.http.RetryRequest.lambda$apply$7(RetryRequest.java:83)
at org.openqa.selenium.remote.http.AddSeleniumUserAgent.lambda$apply$0(AddSeleniumUserAgent.java:42)
at org.openqa.selenium.remote.http.Filter.lambda$andFinally$1(Filter.java:56)
at org.openqa.selenium.remote.http.netty.NettyHttpHandler.execute(NettyHttpHandler.java:51)
at org.openqa.selenium.remote.http.RetryRequest.lambda$apply$6(RetryRequest.java:83)
at net.jodah.failsafe.Functions.lambda$get$0(Functions.java:48)
at net.jodah.failsafe.RetryPolicyExecutor.lambda$supply$0(RetryPolicyExecutor.java:66)
at net.jodah.failsafe.RetryPolicyExecutor.lambda$supply$0(RetryPolicyExecutor.java:66)
at net.jodah.failsafe.RetryPolicyExecutor.lambda$supply$0(RetryPolicyExecutor.java:66)
at net.jodah.failsafe.Execution.executeSync(Execution.java:128)
at net.jodah.failsafe.FailsafeExecutor.call(FailsafeExecutor.java:379)
at net.jodah.failsafe.FailsafeExecutor.get(FailsafeExecutor.java:68)
at org.openqa.selenium.remote.http.RetryRequest.lambda$apply$7(RetryRequest.java:83)
at org.openqa.selenium.remote.http.AddSeleniumUserAgent.lambda$apply$0(AddSeleniumUserAgent.java:42)
at org.openqa.selenium.remote.http.Filter.lambda$andFinally$1(Filter.java:56)
at org.openqa.selenium.remote.http.netty.NettyClient.execute(NettyClient.java:110)
at org.openqa.selenium.remote.HttpCommandExecutor.execute(HttpCommandExecutor.java:181)
at org.openqa.selenium.remote.service.DriverCommandExecutor.invokeExecute(DriverCommandExecutor.java:167)
at org.openqa.selenium.remote.service.DriverCommandExecutor.execute(DriverCommandExecutor.java:142)
at org.openqa.selenium.remote.RemoteWebDriver.execute(RemoteWebDriver.java:543)
at org.openqa.selenium.remote.RemoteWebDriver.get(RemoteWebDriver.java:312)
at stepDefinitions.FooterSectionStep.user_is_alreday_on_landing_page(FooterSectionStep.java:23)
at ✽.user is alreday on landing page(file:///C:/Users/balachandra.4/eclipse-workspace/CucumberAutomation/src/test/resources/features/FooterSection.feature:5)
Caused by: java.util.concurrent.TimeoutException
at java.base/java.util.concurrent.CompletableFuture.timedGet(CompletableFuture.java:1950)
at java.base/java.util.concurrent.CompletableFuture.get(CompletableFuture.java:2085)
at org.asynchttpclient.netty.NettyResponseFuture.get(NettyResponseFuture.java:206)
at org.openqa.selenium.remote.http.netty.NettyHttpHandler.makeCall(NettyHttpHandler.java:66)
at org.openqa.selenium.remote.http.RetryRequest.lambda$apply$6(RetryRequest.java:83)
at net.jodah.failsafe.Functions.lambda$get$0(Functions.java:48)
at net.jodah.failsafe.RetryPolicyExecutor.lambda$supply$0(RetryPolicyExecutor.java:66)
at net.jodah.failsafe.RetryPolicyExecutor.lambda$supply$0(RetryPolicyExecutor.java:66)
at net.jodah.failsafe.RetryPolicyExecutor.lambda$supply$0(RetryPolicyExecutor.java:66)
at net.jodah.failsafe.Execution.executeSync(Execution.java:128)
at net.jodah.failsafe.FailsafeExecutor.call(FailsafeExecutor.java:379)
at net.jodah.failsafe.FailsafeExecutor.get(FailsafeExecutor.java:68)
at org.openqa.selenium.remote.http.RetryRequest.lambda$apply$7(RetryRequest.java:83)
at org.openqa.selenium.remote.http.AddSeleniumUserAgent.lambda$apply$0(AddSeleniumUserAgent.java:42)
at org.openqa.selenium.remote.http.Filter.lambda$andFinally$1(Filter.java:56)
at org.openqa.selenium.remote.http.netty.NettyHttpHandler.execute(NettyHttpHandler.java:51)
at org.openqa.selenium.remote.http.RetryRequest.lambda$apply$6(RetryRequest.java:83)
at net.jodah.failsafe.Functions.lambda$get$0(Functions.java:48)
at net.jodah.failsafe.RetryPolicyExecutor.lambda$supply$0(RetryPolicyExecutor.java:66)
at net.jodah.failsafe.RetryPolicyExecutor.lambda$supply$0(RetryPolicyExecutor.java:66)
at net.jodah.failsafe.RetryPolicyExecutor.lambda$supply$0(RetryPolicyExecutor.java:66)
at net.jodah.failsafe.Execution.executeSync(Execution.java:128)
at net.jodah.failsafe.FailsafeExecutor.call(FailsafeExecutor.java:379)
at net.jodah.failsafe.FailsafeExecutor.get(FailsafeExecutor.java:68)
at org.openqa.selenium.remote.http.RetryRequest.lambda$apply$7(RetryRequest.java:83)
at org.openqa.selenium.remote.http.AddSeleniumUserAgent.lambda$apply$0(AddSeleniumUserAgent.java:42)
at org.openqa.selenium.remote.http.Filter.lambda$andFinally$1(Filter.java:56)
at org.openqa.selenium.remote.http.netty.NettyClient.execute(NettyClient.java:110)
at org.openqa.selenium.remote.HttpCommandExecutor.execute(HttpCommandExecutor.java:181)
at org.openqa.selenium.remote.service.DriverCommandExecutor.invokeExecute(DriverCommandExecutor.java:167)
at org.openqa.selenium.remote.service.DriverCommandExecutor.execute(DriverCommandExecutor.java:142)
at org.openqa.selenium.remote.RemoteWebDriver.execute(RemoteWebDriver.java:543)
at org.openqa.selenium.remote.RemoteWebDriver.get(RemoteWebDriver.java:312)
at stepDefinitions.FooterSectionStep.user_is_alreday_on_landing_page(FooterSectionStep.java:23)
at java.base/jdk.internal.reflect.NativeMethodAccessorImpl.invoke0(Native Method)
at java.base/jdk.internal.reflect.NativeMethodAccessorImpl.invoke(NativeMethodAccessorImpl.java:64)
at java.base/jdk.internal.reflect.DelegatingMethodAccessorImpl.invoke(DelegatingMethodAccessorImpl.java:43)
at java.base/java.lang.reflect.Method.invoke(Method.java:564)
at io.cucumber.java.Invoker.doInvoke(Invoker.java:66)
at io.cucumber.java.Invoker.invoke(Invoker.java:24)
at io.cucumber.java.AbstractGlueDefinition.invokeMethod(AbstractGlueDefinition.java:47)
at io.cucumber.java.JavaStepDefinition.execute(JavaStepDefinition.java:29)
at io.cucumber.core.runner.CoreStepDefinition.execute(CoreStepDefinition.java:66)
at io.cucumber.core.runner.PickleStepDefinitionMatch.runStep(PickleStepDefinitionMatch.java:63)
at io.cucumber.core.runner.ExecutionMode$1.execute(ExecutionMode.java:10)
at io.cucumber.core.runner.TestStep.executeStep(TestStep.java:86)
at io.cucumber.core.runner.TestStep.run(TestStep.java:57)
at io.cucumber.core.runner.PickleStepTestStep.run(PickleStepTestStep.java:51)
at io.cucumber.core.runner.TestCase.run(TestCase.java:95)
at io.cucumber.core.runner.Runner.runPickle(Runner.java:75)
at io.cucumber.testng.TestNGCucumberRunner.lambda$runScenario$1(TestNGCucumberRunner.java:132)
at io.cucumber.core.runtime.CucumberExecutionContext.lambda$runTestCase$3(CucumberExecutionContext.java:151)
at io.cucumber.core.runtime.RethrowingThrowableCollector.executeAndThrow(RethrowingThrowableCollector.java:23)
at io.cucumber.core.runtime.CucumberExecutionContext.runTestCase(CucumberExecutionContext.java:151)
at io.cucumber.testng.TestNGCucumberRunner.runScenario(TestNGCucumberRunner.java:129)
at io.cucumber.testng.AbstractTestNGCucumberTests.runScenario(AbstractTestNGCucumberTests.java:35)
at java.base/jdk.internal.reflect.NativeMethodAccessorImpl.invoke0(Native Method)
at java.base/jdk.internal.reflect.NativeMethodAccessorImpl.invoke(NativeMethodAccessorImpl.java:64)
at java.base/jdk.internal.reflect.DelegatingMethodAccessorImpl.invoke(DelegatingMethodAccessorImpl.java:43)
at java.base/java.lang.reflect.Method.invoke(Method.java:564)
at org.testng.internal.MethodInvocationHelper.invokeMethod(MethodInvocationHelper.java:133)
at org.testng.internal.TestInvoker.invokeMethod(TestInvoker.java:598)
at org.testng.internal.TestInvoker.invokeTestMethod(TestInvoker.java:173)
at org.testng.internal.MethodRunner.runInSequence(MethodRunner.java:46)
at org.testng.internal.TestInvoker$MethodInvocationAgent.invoke(TestInvoker.java:824)
at org.testng.internal.TestInvoker.invokeTestMethods(TestInvoker.java:146)
at org.testng.internal.TestMethodWorker.invokeTestMethods(TestMethodWorker.java:146)
at org.testng.internal.TestMethodWorker.run(TestMethodWorker.java:128)
at java.base/java.util.ArrayList.forEach(ArrayList.java:1511)
at org.testng.TestRunner.privateRun(TestRunner.java:794)
at org.testng.TestRunner.run(TestRunner.java:596)
at org.testng.SuiteRunner.runTest(SuiteRunner.java:377)
at org.testng.SuiteRunner.runSequentially(SuiteRunner.java:371)
at org.testng.SuiteRunner.privateRun(SuiteRunner.java:332)
at org.testng.SuiteRunner.run(SuiteRunner.java:276)
at org.testng.SuiteRunnerWorker.runSuite(SuiteRunnerWorker.java:53)
at org.testng.SuiteRunnerWorker.run(SuiteRunnerWorker.java:96)
at org.testng.TestNG.runSuitesSequentially(TestNG.java:1212)
at org.testng.TestNG.runSuitesLocally(TestNG.java:1134)
at org.testng.TestNG.runSuites(TestNG.java:1063)
at org.testng.TestNG.run(TestNG.java:1031)
at org.testng.remote.AbstractRemoteTestNG.run(AbstractRemoteTestNG.java:115)
at org.testng.remote.RemoteTestNG.initAndRun(RemoteTestNG.java:251)
at org.testng.remote.RemoteTestNG.main(RemoteTestNG.java:77)
]]>
            </full-stacktrace>
          </exception> <!-- org.openqa.selenium.TimeoutException -->
          <reporter-output>
          </reporter-output>
        </test-method> <!-- runScenario -->
        <test-method signature="runScenario(io.cucumber.testng.PickleWrapper,io.cucumber.testng.FeatureWrapper)[pri:0, instance:testRunners.TestNgTestRunner@74e28667]" started-at="2022-03-15T18:49:47 IST" name="runScenario" description="Runs Cucumber Scenarios" data-provider="scenarios" finished-at="2022-03-15T18:50:41 IST" duration-ms="53549" status="PASS">
          <params>
            <param index="0">
              <value>
                <![CDATA["verifiy the all footer links broken or not"]]>
              </value>
            </param>
            <param index="1">
              <value>
                <![CDATA["Optional[Footer section]"]]>
              </value>
            </param>
          </params>
          <reporter-output>
          </reporter-output>
        </test-method> <!-- runScenario -->
        <test-method signature="runScenario(io.cucumber.testng.PickleWrapper,io.cucumber.testng.FeatureWrapper)[pri:0, instance:testRunners.TestNgTestRunner@74e28667]" started-at="2022-03-15T18:50:41 IST" name="runScenario" description="Runs Cucumber Scenarios" data-provider="scenarios" finished-at="2022-03-15T18:50:43 IST" duration-ms="2278" status="PASS">
          <params>
            <param index="0">
              <value>
                <![CDATA[": To check login"]]>
              </value>
            </param>
            <param index="1">
              <value>
                <![CDATA["Optional[check data Tables]"]]>
              </value>
            </param>
          </params>
          <reporter-output>
          </reporter-output>
        </test-method> <!-- runScenario -->
        <test-method signature="runScenario(io.cucumber.testng.PickleWrapper,io.cucumber.testng.FeatureWrapper)[pri:0, instance:testRunners.TestNgTestRunner@74e28667]" started-at="2022-03-15T18:50:43 IST" name="runScenario" description="Runs Cucumber Scenarios" data-provider="scenarios" finished-at="2022-03-15T18:50:45 IST" duration-ms="2372" status="PASS">
          <params>
            <param index="0">
              <value>
                <![CDATA[": To check login"]]>
              </value>
            </param>
            <param index="1">
              <value>
                <![CDATA["Optional[check data Tables]"]]>
              </value>
            </param>
          </params>
          <reporter-output>
          </reporter-output>
        </test-method> <!-- runScenario -->
        <test-method signature="runScenario(io.cucumber.testng.PickleWrapper,io.cucumber.testng.FeatureWrapper)[pri:0, instance:testRunners.TestNgTestRunner@74e28667]" started-at="2022-03-15T18:50:45 IST" name="runScenario" description="Runs Cucumber Scenarios" data-provider="scenarios" finished-at="2022-03-15T18:50:48 IST" duration-ms="2207" status="PASS">
          <params>
            <param index="0">
              <value>
                <![CDATA["To check dataTables"]]>
              </value>
            </param>
            <param index="1">
              <value>
                <![CDATA["Optional[check data Tables]"]]>
              </value>
            </param>
          </params>
          <reporter-output>
          </reporter-output>
        </test-method> <!-- runScenario -->
        <test-method signature="runScenario(io.cucumber.testng.PickleWrapper,io.cucumber.testng.FeatureWrapper)[pri:0, instance:testRunners.TestNgTestRunner@74e28667]" started-at="2022-03-15T18:50:48 IST" name="runScenario" description="Runs Cucumber Scenarios" data-provider="scenarios" finished-at="2022-03-15T18:50:50 IST" duration-ms="2236" status="PASS">
          <params>
            <param index="0">
              <value>
                <![CDATA["To check dataTables"]]>
              </value>
            </param>
            <param index="1">
              <value>
                <![CDATA["Optional[check data Tables]"]]>
              </value>
            </param>
          </params>
          <reporter-output>
          </reporter-output>
        </test-method> <!-- runScenario -->
        <test-method signature="runScenario(io.cucumber.testng.PickleWrapper,io.cucumber.testng.FeatureWrapper)[pri:0, instance:testRunners.TestNgTestRunner@74e28667]" started-at="2022-03-15T18:50:50 IST" name="runScenario" description="Runs Cucumber Scenarios" data-provider="scenarios" finished-at="2022-03-15T18:50:52 IST" duration-ms="2332" status="SKIP">
          <params>
            <param index="0">
              <value>
                <![CDATA["Login page title"]]>
              </value>
            </param>
            <param index="1">
              <value>
                <![CDATA["Optional[Login page feature]"]]>
              </value>
            </param>
          </params>
          <exception class="org.testng.SkipException">
            <message>
              <![CDATA[got: <false>, expected: is <true>]]>
            </message>
            <full-stacktrace>
              <![CDATA[org.testng.SkipException: got: <false>, expected: is <true>
at io.cucumber.testng.TestCaseResultObserver.lambda$assertTestCasePassed$1(TestCaseResultObserver.java:27)
at io.cucumber.core.runtime.TestCaseResultObserver.assertTestCasePassed(TestCaseResultObserver.java:66)
at io.cucumber.testng.TestCaseResultObserver.assertTestCasePassed(TestCaseResultObserver.java:23)
at io.cucumber.testng.TestNGCucumberRunner.lambda$runScenario$1(TestNGCucumberRunner.java:133)
at io.cucumber.core.runtime.CucumberExecutionContext.lambda$runTestCase$3(CucumberExecutionContext.java:151)
at io.cucumber.core.runtime.RethrowingThrowableCollector.executeAndThrow(RethrowingThrowableCollector.java:23)
at io.cucumber.core.runtime.CucumberExecutionContext.runTestCase(CucumberExecutionContext.java:151)
at io.cucumber.testng.TestNGCucumberRunner.runScenario(TestNGCucumberRunner.java:129)
at io.cucumber.testng.AbstractTestNGCucumberTests.runScenario(AbstractTestNGCucumberTests.java:35)
at jdk.internal.reflect.GeneratedMethodAccessor97.invoke(Unknown Source)
at java.base/jdk.internal.reflect.DelegatingMethodAccessorImpl.invoke(DelegatingMethodAccessorImpl.java:43)
at java.base/java.lang.reflect.Method.invoke(Method.java:564)
at org.testng.internal.MethodInvocationHelper.invokeMethod(MethodInvocationHelper.java:133)
at org.testng.internal.TestInvoker.invokeMethod(TestInvoker.java:598)
at org.testng.internal.TestInvoker.invokeTestMethod(TestInvoker.java:173)
at org.testng.internal.MethodRunner.runInSequence(MethodRunner.java:46)
at org.testng.internal.TestInvoker$MethodInvocationAgent.invoke(TestInvoker.java:824)
at org.testng.internal.TestInvoker.invokeTestMethods(TestInvoker.java:146)
at org.testng.internal.TestMethodWorker.invokeTestMethods(TestMethodWorker.java:146)
at org.testng.internal.TestMethodWorker.run(TestMethodWorker.java:128)
at java.base/java.util.ArrayList.forEach(ArrayList.java:1511)
at org.testng.TestRunner.privateRun(TestRunner.java:794)
at org.testng.TestRunner.run(TestRunner.java:596)
at org.testng.SuiteRunner.runTest(SuiteRunner.java:377)
at org.testng.SuiteRunner.runSequentially(SuiteRunner.java:371)
at org.testng.SuiteRunner.privateRun(SuiteRunner.java:332)
at org.testng.SuiteRunner.run(SuiteRunner.java:276)
at org.testng.SuiteRunnerWorker.runSuite(SuiteRunnerWorker.java:53)
at org.testng.SuiteRunnerWorker.run(SuiteRunnerWorker.java:96)
at org.testng.TestNG.runSuitesSequentially(TestNG.java:1212)
at org.testng.TestNG.runSuitesLocally(TestNG.java:1134)
at org.testng.TestNG.runSuites(TestNG.java:1063)
at org.testng.TestNG.run(TestNG.java:1031)
at org.testng.remote.AbstractRemoteTestNG.run(AbstractRemoteTestNG.java:115)
at org.testng.remote.RemoteTestNG.initAndRun(RemoteTestNG.java:251)
at org.testng.remote.RemoteTestNG.main(RemoteTestNG.java:77)
Caused by: org.junit.AssumptionViolatedException: got: <false>, expected: is <true>
at org.junit.Assume.assumeThat(Assume.java:106)
at org.junit.Assume.assumeTrue(Assume.java:50)
at AppHooks.ApplicationHooks.skip_scenario(ApplicationHooks.java:32)
]]>
            </full-stacktrace>
          </exception> <!-- org.testng.SkipException -->
          <reporter-output>
          </reporter-output>
        </test-method> <!-- runScenario -->
        <test-method signature="runScenario(io.cucumber.testng.PickleWrapper,io.cucumber.testng.FeatureWrapper)[pri:0, instance:testRunners.TestNgTestRunner@74e28667]" started-at="2022-03-15T18:50:52 IST" name="runScenario" description="Runs Cucumber Scenarios" data-provider="scenarios" finished-at="2022-03-15T18:51:13 IST" duration-ms="20741" status="PASS">
          <params>
            <param index="0">
              <value>
                <![CDATA["Forgot password link"]]>
              </value>
            </param>
            <param index="1">
              <value>
                <![CDATA["Optional[Login page feature]"]]>
              </value>
            </param>
          </params>
          <reporter-output>
          </reporter-output>
        </test-method> <!-- runScenario -->
        <test-method signature="runScenario(io.cucumber.testng.PickleWrapper,io.cucumber.testng.FeatureWrapper)[pri:0, instance:testRunners.TestNgTestRunner@74e28667]" started-at="2022-03-15T18:51:13 IST" name="runScenario" description="Runs Cucumber Scenarios" data-provider="scenarios" finished-at="2022-03-15T18:51:40 IST" duration-ms="26593" status="PASS">
          <params>
            <param index="0">
              <value>
                <![CDATA["Login with correct credentials"]]>
              </value>
            </param>
            <param index="1">
              <value>
                <![CDATA["Optional[Login page feature]"]]>
              </value>
            </param>
          </params>
          <reporter-output>
          </reporter-output>
        </test-method> <!-- runScenario -->
        <test-method signature="runScenario(io.cucumber.testng.PickleWrapper,io.cucumber.testng.FeatureWrapper)[pri:0, instance:testRunners.TestNgTestRunner@74e28667]" started-at="2022-03-15T18:51:40 IST" name="runScenario" description="Runs Cucumber Scenarios" data-provider="scenarios" finished-at="2022-03-15T18:51:55 IST" duration-ms="15844" status="PASS">
          <params>
            <param index="0">
              <value>
                <![CDATA["login as manager"]]>
              </value>
            </param>
            <param index="1">
              <value>
                <![CDATA["Optional[Login page feature]"]]>
              </value>
            </param>
          </params>
          <reporter-output>
          </reporter-output>
        </test-method> <!-- runScenario -->
        <test-method is-config="true" signature="tearDownClass()[pri:0, instance:testRunners.TestNgTestRunner@74e28667]" started-at="2022-03-15T18:51:55 IST" name="tearDownClass" finished-at="2022-03-15T18:52:02 IST" duration-ms="6405" status="PASS">
          <reporter-output>
          </reporter-output>
        </test-method> <!-- tearDownClass -->
      </class> <!-- testRunners.TestNgTestRunner -->
    </test> <!-- Default test -->
  </suite> <!-- Default suite -->
</testng-results>
