<?xml version="1.0" encoding="UTF-8"?>
<!-- Generated by org.testng.reporters.JUnitReportReporter -->
<testsuite hostname="lap-hyd-0x81095" failures="0" tests="3" name="testRunners.TestNgTestRunner" time="66.006" errors="1" timestamp="2022-03-03T17:59:35 IST" skipped="1">
  <testcase classname="testRunners.TestNgTestRunner" name="runScenario" time="24.036"/>
  <system-out/>
  <testcase classname="testRunners.TestNgTestRunner" name="runScenario" time="7.723">
    <skipped/>
  </testcase> <!-- runScenario -->
  <system-out/>
  <testcase classname="testRunners.TestNgTestRunner" name="runScenario" time="34.247">
    <error message="Unable to locate element: Forgot your password?123
For documentation on this error, please visit: https://selenium.dev/exceptions/#no_such_element
Build info: version: &#039;4.1.1&#039;, revision: &#039;e8fcc2cecf&#039;
System info: host: &#039;LAP-HYD-0X81095&#039;, ip: &#039;192.168.168.248&#039;, os.name: &#039;Windows 10&#039;, os.arch: &#039;amd64&#039;, os.version: &#039;10.0&#039;, java.version: &#039;15.0.1&#039;
Driver info: org.openqa.selenium.firefox.FirefoxDriver
Command: [1bad01d7-c6ee-4268-83ac-4a3dd314324c, findElement {using=link text, value=Forgot your password?123}]
Capabilities {acceptInsecureCerts: true, browserName: firefox, browserVersion: 91.6.0, javascriptEnabled: true, moz:accessibilityChecks: false, moz:buildID: 20220131231250, moz:debuggerAddress: localhost:64852, moz:geckodriverVersion: 0.30.0, moz:headless: false, moz:processID: 15692, moz:profile: C:\Users\balachandra.4\AppD..., moz:shutdownTimeout: 60000, moz:useNonSpecCompliantPointerOrigin: false, moz:webdriverClick: true, pageLoadStrategy: normal, platform: WINDOWS, platformName: WINDOWS, platformVersion: 10.0, proxy: Proxy(), se:cdp: ws://localhost:64852/devtoo..., se:cdpVersion: 85, setWindowRect: true, strictFileInteractability: false, timeouts: {implicit: 0, pageLoad: 300000, script: 30000}, unhandledPromptBehavior: dismiss and notify}
Session ID: 1bad01d7-c6ee-4268-83ac-4a3dd314324c" type="org.openqa.selenium.NoSuchElementException">
      <![CDATA[org.openqa.selenium.NoSuchElementException: Unable to locate element: Forgot your password?123
For documentation on this error, please visit: https://selenium.dev/exceptions/#no_such_element
Build info: version: '4.1.1', revision: 'e8fcc2cecf'
System info: host: 'LAP-HYD-0X81095', ip: '192.168.168.248', os.name: 'Windows 10', os.arch: 'amd64', os.version: '10.0', java.version: '15.0.1'
Driver info: org.openqa.selenium.firefox.FirefoxDriver
Command: [1bad01d7-c6ee-4268-83ac-4a3dd314324c, findElement {using=link text, value=Forgot your password?123}]
Capabilities {acceptInsecureCerts: true, browserName: firefox, browserVersion: 91.6.0, javascriptEnabled: true, moz:accessibilityChecks: false, moz:buildID: 20220131231250, moz:debuggerAddress: localhost:64852, moz:geckodriverVersion: 0.30.0, moz:headless: false, moz:processID: 15692, moz:profile: C:\Users\balachandra.4\AppD..., moz:shutdownTimeout: 60000, moz:useNonSpecCompliantPointerOrigin: false, moz:webdriverClick: true, pageLoadStrategy: normal, platform: WINDOWS, platformName: WINDOWS, platformVersion: 10.0, proxy: Proxy(), se:cdp: ws://localhost:64852/devtoo..., se:cdpVersion: 85, setWindowRect: true, strictFileInteractability: false, timeouts: {implicit: 0, pageLoad: 300000, script: 30000}, unhandledPromptBehavior: dismiss and notify}
Session ID: 1bad01d7-c6ee-4268-83ac-4a3dd314324c
at java.base/jdk.internal.reflect.NativeConstructorAccessorImpl.newInstance0(Native Method)
at java.base/jdk.internal.reflect.NativeConstructorAccessorImpl.newInstance(NativeConstructorAccessorImpl.java:64)
at java.base/jdk.internal.reflect.DelegatingConstructorAccessorImpl.newInstance(DelegatingConstructorAccessorImpl.java:45)
at java.base/java.lang.reflect.Constructor.newInstanceWithCaller(Constructor.java:500)
at java.base/java.lang.reflect.Constructor.newInstance(Constructor.java:481)
at org.openqa.selenium.remote.codec.w3c.W3CHttpResponseCodec.createException(W3CHttpResponseCodec.java:200)
at org.openqa.selenium.remote.codec.w3c.W3CHttpResponseCodec.decode(W3CHttpResponseCodec.java:133)
at org.openqa.selenium.remote.codec.w3c.W3CHttpResponseCodec.decode(W3CHttpResponseCodec.java:53)
at org.openqa.selenium.remote.HttpCommandExecutor.execute(HttpCommandExecutor.java:184)
at org.openqa.selenium.remote.service.DriverCommandExecutor.invokeExecute(DriverCommandExecutor.java:167)
at org.openqa.selenium.remote.service.DriverCommandExecutor.execute(DriverCommandExecutor.java:142)
at org.openqa.selenium.remote.RemoteWebDriver.execute(RemoteWebDriver.java:543)
at org.openqa.selenium.remote.ElementLocation$ElementFinder$2.findElement(ElementLocation.java:162)
at org.openqa.selenium.remote.ElementLocation.findElement(ElementLocation.java:60)
at org.openqa.selenium.remote.RemoteWebDriver.findElement(RemoteWebDriver.java:367)
at org.openqa.selenium.remote.RemoteWebDriver.findElement(RemoteWebDriver.java:359)
at org.openqa.selenium.support.pagefactory.DefaultElementLocator.findElement(DefaultElementLocator.java:70)
at org.openqa.selenium.support.pagefactory.internal.LocatingElementHandler.invoke(LocatingElementHandler.java:39)
at com.sun.proxy.$Proxy31.isDisplayed(Unknown Source)
at com.pageObjects.LoginPage.isForgotPWdLinkExist(LoginPage.java:54)
at stepDefinitions.loginStepDefinition.forgot_your_password_link_should_be_displayed(loginStepDefinition.java:56)
at ✽.forgot your password link should be displayed(file:///C:/Users/balachandra.4/eclipse-workspace/CucumberAutomation/src/test/resources/features/login.feature:14)
]]>
    </error>
  </testcase> <!-- runScenario -->
  <system-out/>
</testsuite> <!-- testRunners.TestNgTestRunner -->
